<?xml version="1.0" encoding="UTF-8"?>
<coverage generated="1582993383599" clover="3.2.0">
  <project timestamp="1582993383599" name="All files">
    <metrics statements="7" coveredstatements="7" conditionals="2" coveredconditionals="2" methods="1" coveredmethods="1" elements="10" coveredelements="10" complexity="0" loc="7" ncloc="7" packages="1" files="1" classes="1"/>
    <file name="a_very_big_sum.js" path="/Users/willsheppard/Development2/Hacker_Rank_Algorithms/a_very_big_sum/a_very_big_sum.js">
      <metrics statements="7" coveredstatements="7" conditionals="2" coveredconditionals="2" methods="1" coveredmethods="1"/>
      <line num="26" count="3" type="stmt"/>
      <line num="27" count="14" type="cond" truecount="2" falsecount="0"/>
      <line num="28" count="3" type="stmt"/>
      <line num="29" count="3" type="stmt"/>
      <line num="31" count="11" type="stmt"/>
      <line num="34" count="3" type="stmt"/>
      <line num="39" count="1" type="stmt"/>
    </file>
  </project>
</coverage>
