{"/Users/willsheppard/Development2/Hacker_Rank_Algorithms/a_very_big_sum/a_very_big_sum.js": {"path":"/Users/willsheppard/Development2/Hacker_Rank_Algorithms/a_very_big_sum/a_very_big_sum.js","statementMap":{"0":{"start":{"line":26,"column":4},"end":{"line":33,"column":5}},"1":{"start":{"line":26,"column":16},"end":{"line":26,"column":17}},"2":{"start":{"line":27,"column":6},"end":{"line":32,"column":7}},"3":{"start":{"line":28,"column":9},"end":{"line":28,"column":29}},"4":{"start":{"line":29,"column":9},"end":{"line":29,"column":24}},"5":{"start":{"line":31,"column":8},"end":{"line":31,"column":26}},"6":{"start":{"line":34,"column":4},"end":{"line":34,"column":15}},"7":{"start":{"line":39,"column":2},"end":{"line":39,"column":31}}},"fnMap":{"0":{"name":"aVeryBigSum","decl":{"start":{"line":23,"column":9},"end":{"line":23,"column":20}},"loc":{"start":{"line":23,"column":25},"end":{"line":35,"column":3}},"line":23}},"branchMap":{"0":{"loc":{"start":{"line":27,"column":6},"end":{"line":32,"column":7}},"type":"if","locations":[{"start":{"line":27,"column":6},"end":{"line":32,"column":7}},{"start":{"line":27,"column":6},"end":{"line":32,"column":7}}],"line":27}},"s":{"0":3,"1":3,"2":14,"3":3,"4":3,"5":11,"6":3,"7":1},"f":{"0":3},"b":{"0":[3,11]},"_coverageSchema":"1a1c01bbd47fc00a2c39e90264f33305004495a9","hash":"a8932647ceefa87fcd3dd78465137d0d78fed798"}
}
